
˿    ⹹  Q  Ļ    ȺԳ  ݱ΢  
ɽ  ΰ      Ʒ    
йɫ  ׶  ѧչ  ̬  ṫƽ    лΰ  幦  ռ俪    緢չһ廯  С    Ļǿ  ҵλ    ѡ      г      ȫ  ҪսԻ  ȡشչ  ̬ϵͳ  Ȳƽ    ӿת  ʽΣ  ¶׼    ȽĻ  ũҵۺ  ʳƷҩƷȫ  ۵ϵ  ͬԸ  ͹  ˾  ϱ  ȫлŮ  ս˲ҵ  ϷȨ  ȫͬ    ǰƽ  Ļʵ  ֤񵱼  ϵ  ȫҽ  ֿ  չ  Ч  ƶȸĸ    δ  ʵ徭  ѧˮƽ  㵳  Ȼ  ȫ潨С    ʳȫ  ʵ  ɲ      ر  ڵ  ѧش        ȫв    Ļ    Ӱ  Ծ  Ͷ  ִҵ    ˹ͬ  ʵƽ  Ҹ  ļֵ  η      ƽȻ  ҡ    ҪսԻ  ת侭÷չʽ  ӿת侭÷չʽ  ļֵϵ  ȡشչ  ʵлΰ  ںʽչ  Ȼ  ĸ￪  άṫƽ  
˿    ⹹  Q  Ļ    ȺԳ  ݱ΢  
˿    ⹹  ˿Ļ  Q  Ļ  ȺԳ  ݱ΢  ˧  
˿##⹹#˿Ļ#Q#Ļ#ȺԳ#ݱ΢#˧#






#ӪԹĹ#ԹĹ###ԹĹ##ԹĹ#йĹ#г###ᱩ#г##Ĺ#չˮƽ#ƶ#ҵ#ʽͶ##ڱ##ؼ#Ĺ۸##Ƿ#Ĺ#ⲹ#ɥƷ#Ʒ#ǻҼĴ#ԹĹ#
#ӪԹĹ#ԹĹ###ԹĹ##ԹĹ#йĹ#г###ᱩ#г##Ĺ#չˮƽ#ƶ#ҵ#ʽͶ##ڱ##ؼ#Ĺ۸##Ƿ#Ĺ#ⲹ#ɥƷ#Ʒ#ǻҼĴ#ԹĹ#


˿##⹹#˿Ļ#Q#Ļ#ȺԳ#ݱ΢#
#ӪԹĹ#ԹĹ###ԹĹ##ԹĹ#йĹ#г###ᱩ#г##Ĺ#չˮƽ#ƶ#ҵ#ʽͶ##ڱ##ؼ#Ĺ۸##Ƿ#Ĺ#ⲹ#ɥƷ#Ʒ#ǻҼĴ#ԹĹ#
˿##⹹#˿Ļ#Q#Ļ#ȺԳ#ݱ΢#
#ӪԹĹ#ԹĹ###ԹĹ##ԹĹ#йĹ#г###ᱩ#г##Ĺ#չˮƽ#ƶ#ҵ#ʽͶ##ڱ##ؼ#Ĺ۸##Ƿ#Ĺ#ⲹ#ɥƷ#Ʒ#ǻҼĴ#ԹĹ#
˿##⹹#˿Ļ#Q#Ļ#ȺԳ#ݱ΢#
#ӪԹĹ#ԹĹ###ԹĹ##ԹĹ#йĹ#г###ᱩ#г##Ĺ#չˮƽ#ƶ#ҵ#ʽͶ##ڱ##ؼ#Ĺ۸##Ƿ#Ĺ#ⲹ#ɥƷ#Ʒ#ǻҼĴ#ԹĹ#
#ӪԹĹ#ԹĹ###ԹĹ##ԹĹ#йĹ#г###ᱩ#г##Ĺ#չˮƽ#ƶ#ҵ#ʽͶ##ڱ##ؼ#Ĺ۸##Ƿ#Ĺ#ⲹ#ɥƷ#Ʒ#ǻҼĴ#ԹĹ#
#ӪԹĹ#ԹĹ###ԹĹ##ԹĹ#йĹ#г###ᱩ#г##Ĺ#չˮƽ#ƶ#ҵ#ʽͶ##ڱ##ؼ#Ĺ۸##Ƿ#Ĺ#ⲹ#ɥƷ#Ʒ#ǻҼĴ#ԹĹ#
#ӪԹĹ#ԹĹ###ԹĹ##ԹĹ#йĹ#г###ᱩ#г##Ĺ#չˮƽ#ƶ#ҵ#ʽͶ##ڱ##ؼ#Ĺ۸##Ƿ#Ĺ#ⲹ#ɥƷ#Ʒ#ǻҼĴ#ԹĹ#
˿##⹹#˿Ļ#Q#Ļ#ȺԳ#ݱ΢#
˿##⹹#˿Ļ#Q#Ļ#ȺԳ#ݱ΢#
ҵ#֬#ζ#֬#ҵ#ζ#һ#ʯҵ##Ч#ù#
˿#
˿#







˿#
war_crimes#rights_groups#Islamist_leaders#Pakistani_army#death_penalty#
#޷##Ա#޷##޷ּ#ּ#####ٶ#·#Ч#湤###Ż޷ּ#
#ض#д#б#ǰ#Զʶ#ʵȡ#ʵ÷#
ϵ
Ա##ٴ#ߵȷԺ##Ա#˾#


Ҫս#
煲仔饭#咸肉菜#
煲仔饭#菌菇#鸡腿#麻婆豆腐#牛腩#双拼#抹茶#龙利鱼#叉烧#黄焖鸡#鸡丁#奶盖#秘制#石锅#炒河粉#酸辣#猪软骨#金针菇#牛肚#乌冬面#寿司#港式#碳烤#牛油果#西柚#贡丸#酸豆角#火龙果#慕斯#雪菜#猪扒饭#超值#罗勒#珍珠奶茶#烧仙草#煲仔#肉碎#猪扒#扣肉#木桶饭#韩式#尖椒#超值套餐#鲜榨#肉燥饭#卤肉饭#肉燥#烟熏#泰式#吐司#
